#TYPE System.IO.FileInfo
"PSPath","PSParentPath","PSChildName","PSDrive","PSProvider","PSIsContainer","Mode","VersionInfo","BaseName","Target","LinkType","Name","Length","DirectoryName","Directory","IsReadOnly","Exists","FullName","Extension","CreationTime","CreationTimeUtc","LastAccessTime","LastAccessTimeUtc","LastWriteTime","LastWriteTimeUtc","Attributes"
"Microsoft.PowerShell.Core\FileSystem::C:\Users\champuser\Desktop\PS\list files and output to csv.ps1","Microsoft.PowerShell.Core\FileSystem::C:\Users\champuser\Desktop\PS","list files and output to csv.ps1","C","Microsoft.PowerShell.Core\FileSystem","False","-a----","File:             C:\Users\champuser\Desktop\PS\list files and output to csv.ps1
InternalName:     
OriginalFilename: 
FileVersion:      
FileDescription:  
Product:          
ProductVersion:   
Debug:            False
Patched:          False
PreRelease:       False
PrivateBuild:     False
SpecialBuild:     False
Language:         
","list files and output to csv","System.Collections.Generic.List`1[System.String]",,"list files and output to csv.ps1","233","C:\Users\champuser\Desktop\PS","C:\Users\champuser\Desktop\PS","False","True","C:\Users\champuser\Desktop\PS\list files and output to csv.ps1",".ps1","9/5/2024 2:10:48 PM","9/5/2024 6:10:48 PM","9/5/2024 2:19:18 PM","9/5/2024 6:19:18 PM","9/5/2024 2:19:18 PM","9/5/2024 6:19:18 PM","Archive"
"Microsoft.PowerShell.Core\FileSystem::C:\Users\champuser\Desktop\PS\list files.ps1","Microsoft.PowerShell.Core\FileSystem::C:\Users\champuser\Desktop\PS","list files.ps1","C","Microsoft.PowerShell.Core\FileSystem","False","-a----","File:             C:\Users\champuser\Desktop\PS\list files.ps1
InternalName:     
OriginalFilename: 
FileVersion:      
FileDescription:  
Product:          
ProductVersion:   
Debug:            False
Patched:          False
PreRelease:       False
PrivateBuild:     False
SpecialBuild:     False
Language:         
","list files","System.Collections.Generic.List`1[System.String]",,"list files.ps1","162","C:\Users\champuser\Desktop\PS","C:\Users\champuser\Desktop\PS","False","True","C:\Users\champuser\Desktop\PS\list files.ps1",".ps1","9/5/2024 1:57:31 PM","9/5/2024 5:57:31 PM","9/5/2024 2:08:47 PM","9/5/2024 6:08:47 PM","9/5/2024 2:08:47 PM","9/5/2024 6:08:47 PM","Archive"
"Microsoft.PowerShell.Core\FileSystem::C:\Users\champuser\Desktop\PS\make folder.ps1","Microsoft.PowerShell.Core\FileSystem::C:\Users\champuser\Desktop\PS","make folder.ps1","C","Microsoft.PowerShell.Core\FileSystem","False","-a----","File:             C:\Users\champuser\Desktop\PS\make folder.ps1
InternalName:     
OriginalFilename: 
FileVersion:      
FileDescription:  
Product:          
ProductVersion:   
Debug:            False
Patched:          False
PreRelease:       False
PrivateBuild:     False
SpecialBuild:     False
Language:         
","make folder","System.Collections.Generic.List`1[System.String]",,"make folder.ps1","187","C:\Users\champuser\Desktop\PS","C:\Users\champuser\Desktop\PS","False","True","C:\Users\champuser\Desktop\PS\make folder.ps1",".ps1","9/5/2024 2:03:50 PM","9/5/2024 6:03:50 PM","9/5/2024 2:08:58 PM","9/5/2024 6:08:58 PM","9/5/2024 2:08:58 PM","9/5/2024 6:08:58 PM","Archive"
"Microsoft.PowerShell.Core\FileSystem::C:\Users\champuser\Desktop\PS\print dns server ip from eth0.ps1","Microsoft.PowerShell.Core\FileSystem::C:\Users\champuser\Desktop\PS","print dns server ip from eth0.ps1","C","Microsoft.PowerShell.Core\FileSystem","False","-a----","File:             C:\Users\champuser\Desktop\PS\print dns server ip from eth0.ps1
InternalName:     
OriginalFilename: 
FileVersion:      
FileDescription:  
Product:          
ProductVersion:   
Debug:            False
Patched:          False
PreRelease:       False
PrivateBuild:     False
SpecialBuild:     False
Language:         
","print dns server ip from eth0","System.Collections.Generic.List`1[System.String]",,"print dns server ip from eth0.ps1","123","C:\Users\champuser\Desktop\PS","C:\Users\champuser\Desktop\PS","False","True","C:\Users\champuser\Desktop\PS\print dns server ip from eth0.ps1",".ps1","9/5/2024 1:54:49 PM","9/5/2024 5:54:49 PM","9/5/2024 1:54:49 PM","9/5/2024 5:54:49 PM","9/5/2024 1:54:49 PM","9/5/2024 5:54:49 PM","Archive"
